<?xml version="1.0" encoding="UTF-8"?>
<testng-results ignored="0" total="1" passed="1" failed="0" skipped="0">
  <reporter-output>
  </reporter-output>
  <suite started-at="2023-01-16T15:34:59 IST" name="Suite" finished-at="2023-01-16T15:35:03 IST" duration-ms="3784">
    <groups>
    </groups>
    <test started-at="2023-01-16T15:34:59 IST" name="Test" finished-at="2023-01-16T15:35:03 IST" duration-ms="3784">
      <class name="com.MavenTest.Basic">
        <test-method signature="google()[pri:0, instance:com.MavenTest.Basic@2b48a640]" started-at="2023-01-16T15:34:59 IST" name="google" finished-at="2023-01-16T15:35:03 IST" duration-ms="3753" status="PASS">
          <reporter-output>
          </reporter-output>
        </test-method> <!-- google -->
      </class> <!-- com.MavenTest.Basic -->
    </test> <!-- Test -->
  </suite> <!-- Suite -->
</testng-results>
